0 info it worked if it ends with ok
1 verbose cli [ 'node', '/usr/local/bin/npm', 'publish' ]
2 info using npm@1.2.30
3 info using node@v0.8.26
4 verbose publish [ '.' ]
5 verbose read json /Users/ryokota/code/generator-angular-mojolicious/package.json
6 verbose cache add [ '.', null ]
7 verbose cache add name=undefined spec="." args=[".",null]
8 verbose parsed url { pathname: '.', path: '.', href: '.' }
9 silly lockFile 3a52ce78- .
10 verbose lock . /Users/ryokota/.npm/3a52ce78-.lock
11 verbose read json package.json
12 verbose tar pack [ '/var/folders/6g/1h2r2rrs75n9zh_14mpcjstc000_4l/T/npm-60398/1392964658416-0.6163845439441502/tmp.tgz',
12 verbose tar pack   '.' ]
13 verbose tarball /var/folders/6g/1h2r2rrs75n9zh_14mpcjstc000_4l/T/npm-60398/1392964658416-0.6163845439441502/tmp.tgz
14 verbose folder .
15 info prepublish generator-angular-mojolicious@0.1.3
16 silly lockFile 1f1177db-tar tar://.
17 verbose lock tar://. /Users/ryokota/.npm/1f1177db-tar.lock
18 silly lockFile 3ebfbd2f-58416-0-6163845439441502-tmp-tgz tar:///var/folders/6g/1h2r2rrs75n9zh_14mpcjstc000_4l/T/npm-60398/1392964658416-0.6163845439441502/tmp.tgz
19 verbose lock tar:///var/folders/6g/1h2r2rrs75n9zh_14mpcjstc000_4l/T/npm-60398/1392964658416-0.6163845439441502/tmp.tgz /Users/ryokota/.npm/3ebfbd2f-58416-0-6163845439441502-tmp-tgz.lock
20 silly lockFile 1f1177db-tar tar://.
21 silly lockFile 1f1177db-tar tar://.
22 silly lockFile 3ebfbd2f-58416-0-6163845439441502-tmp-tgz tar:///var/folders/6g/1h2r2rrs75n9zh_14mpcjstc000_4l/T/npm-60398/1392964658416-0.6163845439441502/tmp.tgz
23 silly lockFile 3ebfbd2f-58416-0-6163845439441502-tmp-tgz tar:///var/folders/6g/1h2r2rrs75n9zh_14mpcjstc000_4l/T/npm-60398/1392964658416-0.6163845439441502/tmp.tgz
24 verbose tar unpack /var/folders/6g/1h2r2rrs75n9zh_14mpcjstc000_4l/T/npm-60398/1392964658416-0.6163845439441502/tmp.tgz
25 silly lockFile b4b69ac8-58416-0-6163845439441502-package tar:///var/folders/6g/1h2r2rrs75n9zh_14mpcjstc000_4l/T/npm-60398/1392964658416-0.6163845439441502/package
26 verbose lock tar:///var/folders/6g/1h2r2rrs75n9zh_14mpcjstc000_4l/T/npm-60398/1392964658416-0.6163845439441502/package /Users/ryokota/.npm/b4b69ac8-58416-0-6163845439441502-package.lock
27 silly lockFile 3ebfbd2f-58416-0-6163845439441502-tmp-tgz tar:///var/folders/6g/1h2r2rrs75n9zh_14mpcjstc000_4l/T/npm-60398/1392964658416-0.6163845439441502/tmp.tgz
28 verbose lock tar:///var/folders/6g/1h2r2rrs75n9zh_14mpcjstc000_4l/T/npm-60398/1392964658416-0.6163845439441502/tmp.tgz /Users/ryokota/.npm/3ebfbd2f-58416-0-6163845439441502-tmp-tgz.lock
29 silly gunzTarPerm modes [ '755', '644' ]
30 silly gunzTarPerm extractEntry package.json
31 silly gunzTarPerm extractEntry .npmignore
32 silly gunzTarPerm extractEntry README.md
33 silly gunzTarPerm extractEntry LICENSE
34 silly gunzTarPerm extractEntry entity/index.js
35 silly gunzTarPerm extractEntry entity/templates/_generator.json
36 silly gunzTarPerm extractEntry entity/templates/lib/_App/_Entities.pm
37 silly gunzTarPerm extractEntry entity/templates/lib/Schema/Result/_Entity.pm
38 silly gunzTarPerm extractEntry entity/templates/lib/Schema/ResultSet/_Entity.pm
39 silly gunzTarPerm extractEntry entity/templates/public/js/entity/_entity-controller.js
40 silly gunzTarPerm extractEntry entity/templates/public/js/entity/_entity-router.js
41 silly gunzTarPerm extractEntry entity/templates/public/js/entity/_entity-service.js
42 silly gunzTarPerm extractEntry entity/templates/public/views/entity/_entities.html
43 silly gunzTarPerm extractEntry app/index.js
44 silly gunzTarPerm extractEntry app/templates/Gruntfile.js
45 silly gunzTarPerm extractEntry app/templates/install.sh
46 silly gunzTarPerm extractEntry app/templates/_package.json
47 silly gunzTarPerm extractEntry app/templates/bowerrc
48 silly gunzTarPerm extractEntry app/templates/editorconfig
49 silly gunzTarPerm extractEntry app/templates/gitignore
50 silly gunzTarPerm extractEntry app/templates/_bower.json
51 silly gunzTarPerm extractEntry app/templates/_generator.json
52 silly gunzTarPerm extractEntry app/templates/jshintrc
53 silly gunzTarPerm extractEntry app/templates/lib/_App/_Home.pm
54 silly gunzTarPerm extractEntry app/templates/lib/_App.pm
55 silly gunzTarPerm extractEntry app/templates/lib/_Schema.pm
56 silly gunzTarPerm extractEntry app/templates/Makefile.PL
57 silly gunzTarPerm extractEntry app/templates/public/_index.html
58 silly gunzTarPerm extractEntry app/templates/public/css/app.css
59 silly gunzTarPerm extractEntry app/templates/public/js/_app.js
60 silly gunzTarPerm extractEntry app/templates/public/js/home/_home-controller.js
61 silly gunzTarPerm extractEntry app/templates/public/views/home/_home.html
62 silly gunzTarPerm extractEntry app/templates/script/_app
63 silly gunzTarPerm extractEntry app/templates/upgrade.sh
64 silly gunzTarPerm extractEntry .gitattributes
65 silly gunzTarPerm extractEntry .editorconfig
66 silly gunzTarPerm extractEntry .jshintrc
67 silly gunzTarPerm extractEntry .travis.yml
68 silly gunzTarPerm extractEntry test/test-creation.js
69 silly gunzTarPerm extractEntry test/test-load.js
70 verbose read json /var/folders/6g/1h2r2rrs75n9zh_14mpcjstc000_4l/T/npm-60398/1392964658416-0.6163845439441502/package/package.json
71 silly lockFile b4b69ac8-58416-0-6163845439441502-package tar:///var/folders/6g/1h2r2rrs75n9zh_14mpcjstc000_4l/T/npm-60398/1392964658416-0.6163845439441502/package
72 silly lockFile b4b69ac8-58416-0-6163845439441502-package tar:///var/folders/6g/1h2r2rrs75n9zh_14mpcjstc000_4l/T/npm-60398/1392964658416-0.6163845439441502/package
73 silly lockFile 3ebfbd2f-58416-0-6163845439441502-tmp-tgz tar:///var/folders/6g/1h2r2rrs75n9zh_14mpcjstc000_4l/T/npm-60398/1392964658416-0.6163845439441502/tmp.tgz
74 silly lockFile 3ebfbd2f-58416-0-6163845439441502-tmp-tgz tar:///var/folders/6g/1h2r2rrs75n9zh_14mpcjstc000_4l/T/npm-60398/1392964658416-0.6163845439441502/tmp.tgz
75 verbose from cache /var/folders/6g/1h2r2rrs75n9zh_14mpcjstc000_4l/T/npm-60398/1392964658416-0.6163845439441502/package/package.json
76 verbose tar pack [ '/Users/ryokota/.npm/generator-angular-mojolicious/0.1.3/package.tgz',
76 verbose tar pack   '/var/folders/6g/1h2r2rrs75n9zh_14mpcjstc000_4l/T/npm-60398/1392964658416-0.6163845439441502/package' ]
77 verbose tarball /Users/ryokota/.npm/generator-angular-mojolicious/0.1.3/package.tgz
78 verbose folder /var/folders/6g/1h2r2rrs75n9zh_14mpcjstc000_4l/T/npm-60398/1392964658416-0.6163845439441502/package
79 silly lockFile b4b69ac8-58416-0-6163845439441502-package tar:///var/folders/6g/1h2r2rrs75n9zh_14mpcjstc000_4l/T/npm-60398/1392964658416-0.6163845439441502/package
80 verbose lock tar:///var/folders/6g/1h2r2rrs75n9zh_14mpcjstc000_4l/T/npm-60398/1392964658416-0.6163845439441502/package /Users/ryokota/.npm/b4b69ac8-58416-0-6163845439441502-package.lock
81 silly lockFile e0fcc830-ar-mojolicious-0-1-3-package-tgz tar:///Users/ryokota/.npm/generator-angular-mojolicious/0.1.3/package.tgz
82 verbose lock tar:///Users/ryokota/.npm/generator-angular-mojolicious/0.1.3/package.tgz /Users/ryokota/.npm/e0fcc830-ar-mojolicious-0-1-3-package-tgz.lock
83 silly lockFile b4b69ac8-58416-0-6163845439441502-package tar:///var/folders/6g/1h2r2rrs75n9zh_14mpcjstc000_4l/T/npm-60398/1392964658416-0.6163845439441502/package
84 silly lockFile b4b69ac8-58416-0-6163845439441502-package tar:///var/folders/6g/1h2r2rrs75n9zh_14mpcjstc000_4l/T/npm-60398/1392964658416-0.6163845439441502/package
85 silly lockFile e0fcc830-ar-mojolicious-0-1-3-package-tgz tar:///Users/ryokota/.npm/generator-angular-mojolicious/0.1.3/package.tgz
86 silly lockFile e0fcc830-ar-mojolicious-0-1-3-package-tgz tar:///Users/ryokota/.npm/generator-angular-mojolicious/0.1.3/package.tgz
87 silly lockFile 8586c39a-ngular-mojolicious-0-1-3-package /Users/ryokota/.npm/generator-angular-mojolicious/0.1.3/package
88 verbose lock /Users/ryokota/.npm/generator-angular-mojolicious/0.1.3/package /Users/ryokota/.npm/8586c39a-ngular-mojolicious-0-1-3-package.lock
89 silly lockFile 8586c39a-ngular-mojolicious-0-1-3-package /Users/ryokota/.npm/generator-angular-mojolicious/0.1.3/package
90 silly lockFile 8586c39a-ngular-mojolicious-0-1-3-package /Users/ryokota/.npm/generator-angular-mojolicious/0.1.3/package
91 verbose tar unpack /Users/ryokota/.npm/generator-angular-mojolicious/0.1.3/package.tgz
92 silly lockFile 616d34e1-ngular-mojolicious-0-1-3-package tar:///Users/ryokota/.npm/generator-angular-mojolicious/0.1.3/package
93 verbose lock tar:///Users/ryokota/.npm/generator-angular-mojolicious/0.1.3/package /Users/ryokota/.npm/616d34e1-ngular-mojolicious-0-1-3-package.lock
94 silly lockFile e0fcc830-ar-mojolicious-0-1-3-package-tgz tar:///Users/ryokota/.npm/generator-angular-mojolicious/0.1.3/package.tgz
95 verbose lock tar:///Users/ryokota/.npm/generator-angular-mojolicious/0.1.3/package.tgz /Users/ryokota/.npm/e0fcc830-ar-mojolicious-0-1-3-package-tgz.lock
96 silly gunzTarPerm modes [ '755', '644' ]
97 silly gunzTarPerm extractEntry package.json
98 silly gunzTarPerm extractEntry .npmignore
99 silly gunzTarPerm extractEntry README.md
100 silly gunzTarPerm extractEntry LICENSE
101 silly gunzTarPerm extractEntry app/index.js
102 silly gunzTarPerm extractEntry app/templates/Gruntfile.js
103 silly gunzTarPerm extractEntry app/templates/install.sh
104 silly gunzTarPerm extractEntry app/templates/_package.json
105 silly gunzTarPerm extractEntry app/templates/bowerrc
106 silly gunzTarPerm extractEntry app/templates/editorconfig
107 silly gunzTarPerm extractEntry app/templates/gitignore
108 silly gunzTarPerm extractEntry app/templates/_bower.json
109 silly gunzTarPerm extractEntry app/templates/_generator.json
110 silly gunzTarPerm extractEntry app/templates/jshintrc
111 silly gunzTarPerm extractEntry app/templates/lib/_App/_Home.pm
112 silly gunzTarPerm extractEntry app/templates/lib/_App.pm
113 silly gunzTarPerm extractEntry app/templates/lib/_Schema.pm
114 silly gunzTarPerm extractEntry app/templates/Makefile.PL
115 silly gunzTarPerm extractEntry app/templates/public/_index.html
116 silly gunzTarPerm extractEntry app/templates/public/css/app.css
117 silly gunzTarPerm extractEntry app/templates/public/js/_app.js
118 silly gunzTarPerm extractEntry app/templates/public/js/home/_home-controller.js
119 silly gunzTarPerm extractEntry app/templates/public/views/home/_home.html
120 silly gunzTarPerm extractEntry app/templates/script/_app
121 silly gunzTarPerm extractEntry app/templates/upgrade.sh
122 silly gunzTarPerm extractEntry .gitattributes
123 silly gunzTarPerm extractEntry entity/index.js
124 silly gunzTarPerm extractEntry entity/templates/_generator.json
125 silly gunzTarPerm extractEntry entity/templates/lib/_App/_Entities.pm
126 silly gunzTarPerm extractEntry entity/templates/lib/Schema/Result/_Entity.pm
127 silly gunzTarPerm extractEntry entity/templates/lib/Schema/ResultSet/_Entity.pm
128 silly gunzTarPerm extractEntry entity/templates/public/js/entity/_entity-controller.js
129 silly gunzTarPerm extractEntry entity/templates/public/js/entity/_entity-router.js
130 silly gunzTarPerm extractEntry entity/templates/public/js/entity/_entity-service.js
131 silly gunzTarPerm extractEntry entity/templates/public/views/entity/_entities.html
132 silly gunzTarPerm extractEntry .jshintrc
133 silly gunzTarPerm extractEntry .editorconfig
134 silly gunzTarPerm extractEntry .travis.yml
135 silly gunzTarPerm extractEntry test/test-creation.js
136 silly gunzTarPerm extractEntry test/test-load.js
137 verbose read json /Users/ryokota/.npm/generator-angular-mojolicious/0.1.3/package/package.json
138 silly lockFile 616d34e1-ngular-mojolicious-0-1-3-package tar:///Users/ryokota/.npm/generator-angular-mojolicious/0.1.3/package
139 silly lockFile 616d34e1-ngular-mojolicious-0-1-3-package tar:///Users/ryokota/.npm/generator-angular-mojolicious/0.1.3/package
140 silly lockFile e0fcc830-ar-mojolicious-0-1-3-package-tgz tar:///Users/ryokota/.npm/generator-angular-mojolicious/0.1.3/package.tgz
141 silly lockFile e0fcc830-ar-mojolicious-0-1-3-package-tgz tar:///Users/ryokota/.npm/generator-angular-mojolicious/0.1.3/package.tgz
142 verbose from cache /Users/ryokota/.npm/generator-angular-mojolicious/0.1.3/package/package.json
143 verbose chmod /Users/ryokota/.npm/generator-angular-mojolicious/0.1.3/package.tgz 644
144 verbose chown /Users/ryokota/.npm/generator-angular-mojolicious/0.1.3/package.tgz [ 10387, 20 ]
145 silly lockFile 3a52ce78- .
146 silly lockFile 3a52ce78- .
147 silly publish { name: 'generator-angular-mojolicious',
147 silly publish   version: '0.1.3',
147 silly publish   description: 'A Yeoman generator for AngularJS + Mojolicious',
147 silly publish   keywords:
147 silly publish    [ 'yeoman-generator',
147 silly publish      'Perl',
147 silly publish      'Mojolicious',
147 silly publish      'DBIx::Class',
147 silly publish      'DBIC',
147 silly publish      'AngularJS',
147 silly publish      'Twitter Bootstrap' ],
147 silly publish   homepage: 'https://github.com/rayokota/generator-angular-mojolicious',
147 silly publish   bugs: { url: 'https://github.com/rayokota/generator-angular-mojolicious/issues' },
147 silly publish   author: { name: 'Robert Yokota', url: 'https://github.com/rayokota' },
147 silly publish   main: 'app/index.js',
147 silly publish   repository:
147 silly publish    { type: 'git',
147 silly publish      url: 'git://github.com/rayokota/generator-angular-mojolicious.git' },
147 silly publish   scripts: { test: 'mocha' },
147 silly publish   dependencies:
147 silly publish    { 'yeoman-generator': '~0.14.0',
147 silly publish      URIjs: '~1.11.2',
147 silly publish      lodash: '~2.4.1',
147 silly publish      'underscore.string': '~2.3.3',
147 silly publish      pluralize: '~0.0.6',
147 silly publish      asciify: '~1.3.3' },
147 silly publish   devDependencies: { mocha: '~1.14.0' },
147 silly publish   peerDependencies: { yo: '>=1.0.0' },
147 silly publish   engines: { node: '>=0.8.0', npm: '>=1.2.10' },
147 silly publish   licenses: [ { type: 'MIT' } ],
147 silly publish   readme: '# The Angular-Mojolicious generator \n\nA [Yeoman](http://yeoman.io) generator for [AngularJS](http://angularjs.org) and [Mojolicious](http://mojolicio.us/).\n\nMojolicious is a Perl-based micro-framework.  For AngularJS integration with other micro-frameworks, see https://github.com/rayokota/MicroFrameworkRosettaStone.\n\n## Installation\n\nInstall [Git](http://git-scm.com), [node.js](http://nodejs.org), and [Perl 5.10.1](http://www.perl.org/).  The development mode also requires [SQLite](http://www.sqlite.org).  Required Perl modules can be installed as follows:\n\n\tcurl -L cpanmin.us | perl - Mojolicious Modern::Perl DBIx::Class DBIx::Class::Migration \\\n\t\tDateTime DateTime::Format::SQLite\n\nInstall Yeoman:\n\n    npm install -g yo\n\nInstall the Angular-Mojolicious generator:\n\n    npm install -g generator-angular-mojolicious\n\n## Creating a Mojolicious service\n\nIn a new directory, generate the service:\n\n    yo angular-mojolicious\n\nRun the service:\n\n    morbo script/[myapp]\n\nYour service will run at [http://localhost:3000](http://localhost:3000).\n\n\n## Creating a persistent entity\n\nGenerate the entity:\n\n    yo angular-mojolicious:entity [myentity]\n\nYou will be asked to specify attributes for the entity, where each attribute has the following:\n\n- a name\n- a type (String, Integer, Float, Boolean, Date, Enum)\n- for a String attribute, an optional minimum and maximum length\n- for a numeric attribute, an optional minimum and maximum value\n- for a Date attribute, an optional constraint to either past values or future values\n- for an Enum attribute, a list of enumerated values\n- whether the attribute is required\n\nFiles that are regenerated will appear as conflicts.  Allow the generator to overwrite these files as long as no custom changes have been made.\n\nRun the service:\n\n    morbo script/[myapp]\n    \nA client-side AngularJS application will now be available by running\n\n\tgrunt server\n\t\nThe Grunt server will run at [http://localhost:9000](http://localhost:9000).  It will proxy REST requests to the Mojolicious service running at [http://localhost:3000](http://localhost:3000).\n\nAt this point you should be able to navigate to a page to manage your persistent entities.  \n\nThe Grunt server supports hot reloading of client-side HTML/CSS/Javascript file changes.\n\n',
147 silly publish   readmeFilename: 'README.md',
147 silly publish   _id: 'generator-angular-mojolicious@0.1.3',
147 silly publish   dist: { shasum: 'cca0ecb95271982568aac1db09b86d593d0445bf' },
147 silly publish   _from: '.' }
148 verbose url raw generator-angular-mojolicious
149 verbose url resolving [ 'https://registry.npmjs.org/',
149 verbose url resolving   './generator-angular-mojolicious' ]
150 verbose url resolved https://registry.npmjs.org/generator-angular-mojolicious
151 info trying registry request attempt 1 at 22:37:38
152 http PUT https://registry.npmjs.org/generator-angular-mojolicious
153 http 201 https://registry.npmjs.org/generator-angular-mojolicious
154 verbose url raw generator-angular-mojolicious
155 verbose url resolving [ 'https://registry.npmjs.org/',
155 verbose url resolving   './generator-angular-mojolicious' ]
156 verbose url resolved https://registry.npmjs.org/generator-angular-mojolicious
157 info trying registry request attempt 1 at 22:37:39
158 http GET https://registry.npmjs.org/generator-angular-mojolicious
159 http 200 https://registry.npmjs.org/generator-angular-mojolicious
160 error publish fail Cannot publish over existing version.
160 error publish fail Update the 'version' field in package.json and try again.
160 error publish fail
160 error publish fail If the previous version was published in error, see:
160 error publish fail     npm help unpublish
160 error publish fail
160 error publish fail To automatically increment version numbers, see:
160 error publish fail     npm help version
161 error System Darwin 12.5.0
162 error command "node" "/usr/local/bin/npm" "publish"
163 error cwd /Users/ryokota/code/generator-angular-mojolicious
164 error node -v v0.8.26
165 error npm -v 1.2.30
166 error code EPUBLISHCONFLICT
167 verbose exit [ 1, true ]
